<?xml version="1.0" encoding="UTF-8"?>
<testsuite xmlns:xsi="http://www.w3.org/2001/XMLSchema-instance" xsi:noNamespaceSchemaLocation="https://maven.apache.org/surefire/maven-surefire-plugin/xsd/surefire-test-report.xsd" name="org.hub.app.AppComponentTest" time="0.095" tests="2" errors="2" skipped="0" failures="0">
  <properties>
[...]
</properties>
  <testcase name="basics" classname="org.hub.app.AppComponentTest" time="0.026">
    <error type="java.lang.NullPointerException">java.lang.NullPointerException
	at org.hub.app.AppComponentTest.setUp(AppComponentTest.java:32)
</error>
    <system-err><![CDATA[SLF4J: Failed to load class "org.slf4j.impl.StaticLoggerBinder".
SLF4J: Defaulting to no-operation (NOP) logger implementation
SLF4J: See http://www.slf4j.org/codes.html#StaticLoggerBinder for further details.
]]></system-err>
  </testcase>
  <testcase name="basics" classname="org.hub.app.AppComponentTest" time="0.028">
    <error type="java.lang.NullPointerException">java.lang.NullPointerException
	at org.hub.app.AppComponentTest.tearDown(AppComponentTest.java:38)
</error>
  </testcase>
</testsuite>